<?xml version="1.0" encoding="UTF-8"?>
<testng-results ignored="0" total="1" passed="1" failed="0" skipped="0">
  <reporter-output>
  </reporter-output>
  <suite started-at="2023-12-29T18:43:20 IST" name="Default suite" finished-at="2023-12-29T18:43:47 IST" duration-ms="26923">
    <groups>
      <group name="SmokeSuite">
        <method signature="CreateContactTest.cretaeContactWithMandatoryFields()[pri:0, instance:contactsTests.CreateContactTest@6d763516]" name="cretaeContactWithMandatoryFields" class="contactsTests.CreateContactTest"/>
      </group> <!-- SmokeSuite -->
    </groups>
    <test started-at="2023-12-29T18:43:20 IST" name="Default test" finished-at="2023-12-29T18:43:47 IST" duration-ms="26923">
      <class name="contactsTests.CreateContactTest">
        <test-method is-config="true" signature="bsConfig()[pri:0, instance:contactsTests.CreateContactTest@6d763516]" started-at="2023-12-29T18:43:20 IST" name="bsConfig" finished-at="2023-12-29T18:43:20 IST" duration-ms="12" status="PASS">
          <reporter-output>
          </reporter-output>
        </test-method> <!-- bsConfig -->
        <test-method is-config="true" signature="bcConfig()[pri:0, instance:contactsTests.CreateContactTest@6d763516]" started-at="2023-12-29T18:43:20 IST" name="bcConfig" finished-at="2023-12-29T18:43:26 IST" duration-ms="5100" status="PASS">
          <reporter-output>
          </reporter-output>
        </test-method> <!-- bcConfig -->
        <test-method is-config="true" signature="bmConfig()[pri:0, instance:contactsTests.CreateContactTest@6d763516]" started-at="2023-12-29T18:43:26 IST" name="bmConfig" finished-at="2023-12-29T18:43:29 IST" duration-ms="3214" status="PASS">
          <reporter-output>
          </reporter-output>
        </test-method> <!-- bmConfig -->
        <test-method signature="cretaeContactWithMandatoryFields()[pri:0, instance:contactsTests.CreateContactTest@6d763516]" started-at="2023-12-29T18:43:29 IST" name="cretaeContactWithMandatoryFields" finished-at="2023-12-29T18:43:43 IST" duration-ms="13929" status="PASS">
          <reporter-output>
          </reporter-output>
        </test-method> <!-- cretaeContactWithMandatoryFields -->
        <test-method is-config="true" signature="amConfig()[pri:0, instance:contactsTests.CreateContactTest@6d763516]" started-at="2023-12-29T18:43:43 IST" name="amConfig" finished-at="2023-12-29T18:43:46 IST" duration-ms="3659" status="PASS">
          <reporter-output>
          </reporter-output>
        </test-method> <!-- amConfig -->
        <test-method is-config="true" signature="acConfig()[pri:0, instance:contactsTests.CreateContactTest@6d763516]" started-at="2023-12-29T18:43:46 IST" name="acConfig" finished-at="2023-12-29T18:43:47 IST" duration-ms="293" status="PASS">
          <reporter-output>
          </reporter-output>
        </test-method> <!-- acConfig -->
        <test-method is-config="true" signature="asConfig()[pri:0, instance:contactsTests.CreateContactTest@6d763516]" started-at="2023-12-29T18:43:47 IST" name="asConfig" finished-at="2023-12-29T18:43:47 IST" duration-ms="1" status="PASS">
          <reporter-output>
          </reporter-output>
        </test-method> <!-- asConfig -->
      </class> <!-- contactsTests.CreateContactTest -->
    </test> <!-- Default test -->
  </suite> <!-- Default suite -->
</testng-results>
